<?xml version="1.0" encoding="UTF-8"?>
<!-- Generated by org.testng.reporters.JUnitReportReporter -->
<testsuite hostname="LAPTOP-SSKFI1SS" failures="0" tests="8" name="com.automate.withme.Runner.E2e_Runner" time="9.938" errors="0" timestamp="07 Jan 2021 02:45:57 GMT" skipped="0">
  <testcase classname="com.automate.withme.Runner.E2e_Runner" name="runScenario" time="0.357"/>
  <testcase classname="com.automate.withme.Runner.E2e_Runner" name="runScenario" time="0.297"/>
  <testcase classname="com.automate.withme.Runner.E2e_Runner" name="runScenario" time="0.242"/>
  <testcase classname="com.automate.withme.Runner.E2e_Runner" name="runScenario" time="0.724"/>
  <testcase classname="com.automate.withme.Runner.E2e_Runner" name="runScenario" time="1.452"/>
  <testcase classname="com.automate.withme.Runner.E2e_Runner" name="runScenario" time="1.419"/>
  <testcase classname="com.automate.withme.Runner.E2e_Runner" name="runScenario" time="2.878"/>
  <testcase classname="com.automate.withme.Runner.E2e_Runner" name="runScenario" time="2.569"/>
</testsuite> <!-- com.automate.withme.Runner.E2e_Runner -->
